<?xml version="1.0" encoding="UTF-8"?>
<!-- Generated by org.testng.reporters.JUnitReportReporter -->
<testsuite hostname="DESKTOP-NLPPFJ1" failures="0" tests="1" name="practice.datePicker" time="15.999" errors="0" timestamp="2022-12-07T19:16:51 IST" skipped="0">
  <testcase classname="practice.datePicker" name="tc1" time="15.999"/>
  <system-out/>
</testsuite> <!-- practice.datePicker -->
