<?xml version="1.0" encoding="UTF-8"?>
<!-- Generated by org.testng.reporters.JUnitReportReporter -->
<testsuite hostname="DESKTOP-NLPPFJ1" failures="0" tests="1" name="practice.practice6_12" time="12.607" errors="0" timestamp="2022-12-06T20:24:50 IST" skipped="0">
  <testcase classname="practice.practice6_12" name="tc5" time="12.607"/>
  <system-out/>
</testsuite> <!-- practice.practice6_12 -->
