<?xml version="1.0" encoding="UTF-8"?>
<!-- Generated by org.testng.reporters.JUnitReportReporter -->
<testsuite hostname="DESKTOP-NLPPFJ1" failures="0" tests="1" name="practice.FirstYoutube" time="14.054" errors="0" timestamp="2022-12-01T17:29:01 IST" skipped="0">
  <testcase classname="practice.FirstYoutube" name="tc1" time="14.054"/>
  <system-out/>
</testsuite> <!-- practice.FirstYoutube -->
