<?xml version="1.0" encoding="UTF-8"?>
<!-- Generated by org.testng.reporters.JUnitReportReporter -->
<testsuite hostname="DESKTOP-NLPPFJ1" failures="0" tests="2" name="practice.datePicker" time="9.218" errors="0" timestamp="2022-12-07T21:11:12 IST" skipped="1">
  <testcase classname="practice.datePicker" name="tc2" time="9.218"/>
  <system-out/>
  <testcase classname="practice.datePicker" name="tc1">
    <skipped/>
  </testcase> <!-- tc1 -->
  <system-out/>
</testsuite> <!-- practice.datePicker -->
