<?xml version="1.0" encoding="UTF-8"?>
<!-- Generated by org.testng.reporters.JUnitReportReporter -->
<testsuite hostname="DESKTOP-NLPPFJ1" failures="0" tests="1" name="FirstYoutube" time="9.135" errors="0" timestamp="2022-12-01T17:16:30 IST" skipped="0">
  <testcase classname="FirstYoutube" name="tc1" time="9.135"/>
  <system-out/>
</testsuite> <!-- FirstYoutube -->
