<?xml version="1.0" encoding="UTF-8"?>
<!-- Generated by org.testng.reporters.JUnitReportReporter -->
<testsuite hostname="DESKTOP-NLPPFJ1" failures="0" tests="1" name="practice.Practice18_12" time="11.749" errors="0" timestamp="2022-12-19T00:33:00 IST" skipped="0">
  <testcase classname="practice.Practice18_12" name="tc4" time="11.749"/>
  <system-out/>
</testsuite> <!-- practice.Practice18_12 -->
