<?xml version="1.0" encoding="UTF-8"?>
<!-- Generated by org.testng.reporters.JUnitReportReporter -->
<testsuite hostname="DESKTOP-NLPPFJ1" failures="0" tests="1" name="practice.Practice18_12" time="18.604" errors="0" timestamp="2022-12-18T21:57:03 IST" skipped="0">
  <testcase classname="practice.Practice18_12" name="tc1" time="18.604"/>
  <system-out/>
</testsuite> <!-- practice.Practice18_12 -->
