<?xml version="1.0" encoding="UTF-8"?>
<!-- Generated by org.testng.reporters.JUnitReportReporter -->
<testsuite hostname="DESKTOP-NLPPFJ1" failures="0" tests="1" name="practice.practice6_12" time="12.823" errors="0" timestamp="2022-12-06T19:46:49 IST" skipped="0">
  <testcase classname="practice.practice6_12" name="tc1" time="12.823"/>
  <system-out/>
</testsuite> <!-- practice.practice6_12 -->
